InnoDB: The log sequence number in ibdata files does not match
InnoDB: the log sequence number in the ib_logfiles!
101026 15:57:15  InnoDB: Database was not shut down normally!
InnoDB: Starting crash recovery.
InnoDB: Reading tablespace information from the .ibd files...
InnoDB: Restoring possible half-written data pages from the doublewrite
InnoDB: buffer...
InnoDB: Last MySQL binlog file position 0 12340, file name ./mysql-bin.000001
101026 15:57:17  InnoDB: Started; log sequence number 0 124654
101026 15:57:17 [Note] Recovering after a crash using mysql-bin
101026 15:57:17 [Note] Starting crash recovery...
101026 15:57:17 [Note] Crash recovery finished.
101026 15:57:17 [Warning] Can't open and lock time zone table: Table 'mysql.time_zone_leap_second' doesn't exist trying to live without them
101026 15:57:17 [ERROR] Can't open and lock privilege tables: Table 'mysql.servers' doesn't exist
101026 15:57:17 [Note] /usr/libexec/mysqld: ready for connections.
Version: '5.1.46-log'  socket: '/home/one/.local/share/akonadi/db_misc/mysql.socket'  port: 0  Source distribution
101026 16:02:24 [Note] /usr/libexec/mysqld: Normal shutdown

101026 16:02:25  InnoDB: Starting shutdown...
101026 16:02:29  InnoDB: Shutdown completed; log sequence number 0 128506
101026 16:02:29 [Note] /usr/libexec/mysqld: Shutdown complete

